0 info it worked if it ends with ok
1 verbose cli [ '/Users/alan/.usr/Cellar/node/0.10.26/bin/node',
1 verbose cli   '/Users/alan/.usr/bin/npm',
1 verbose cli   'publish' ]
2 info using npm@1.4.3
3 info using node@v0.10.26
4 verbose publish [ '.' ]
5 verbose cache add [ '.', null ]
6 verbose cache add name=undefined spec="." args=[".",null]
7 verbose parsed url { protocol: null,
7 verbose parsed url   slashes: null,
7 verbose parsed url   auth: null,
7 verbose parsed url   host: null,
7 verbose parsed url   port: null,
7 verbose parsed url   hostname: null,
7 verbose parsed url   hash: null,
7 verbose parsed url   search: null,
7 verbose parsed url   query: null,
7 verbose parsed url   pathname: '.',
7 verbose parsed url   path: '.',
7 verbose parsed url   href: '.' }
8 silly lockFile 3a52ce78- .
9 verbose lock . /Users/alan/.npm/3a52ce78-.lock
10 verbose tar pack [ '/var/folders/jj/zj0tlzfs7h70f4nm57jh0xs00000gn/T/npm-27752-ZuQ1llVD/1420548333520-0.47890270757488906/tmp.tgz',
10 verbose tar pack   '.' ]
11 verbose tarball /var/folders/jj/zj0tlzfs7h70f4nm57jh0xs00000gn/T/npm-27752-ZuQ1llVD/1420548333520-0.47890270757488906/tmp.tgz
12 verbose folder .
13 info prepublish happenstance@0.0.1
14 silly lockFile 1f1177db-tar tar://.
15 verbose lock tar://. /Users/alan/.npm/1f1177db-tar.lock
16 silly lockFile 6cf4ea64-3520-0-47890270757488906-tmp-tgz tar:///var/folders/jj/zj0tlzfs7h70f4nm57jh0xs00000gn/T/npm-27752-ZuQ1llVD/1420548333520-0.47890270757488906/tmp.tgz
17 verbose lock tar:///var/folders/jj/zj0tlzfs7h70f4nm57jh0xs00000gn/T/npm-27752-ZuQ1llVD/1420548333520-0.47890270757488906/tmp.tgz /Users/alan/.npm/6cf4ea64-3520-0-47890270757488906-tmp-tgz.lock
18 silly lockFile 1f1177db-tar tar://.
19 silly lockFile 1f1177db-tar tar://.
20 silly lockFile 6cf4ea64-3520-0-47890270757488906-tmp-tgz tar:///var/folders/jj/zj0tlzfs7h70f4nm57jh0xs00000gn/T/npm-27752-ZuQ1llVD/1420548333520-0.47890270757488906/tmp.tgz
21 silly lockFile 6cf4ea64-3520-0-47890270757488906-tmp-tgz tar:///var/folders/jj/zj0tlzfs7h70f4nm57jh0xs00000gn/T/npm-27752-ZuQ1llVD/1420548333520-0.47890270757488906/tmp.tgz
22 verbose tar unpack /var/folders/jj/zj0tlzfs7h70f4nm57jh0xs00000gn/T/npm-27752-ZuQ1llVD/1420548333520-0.47890270757488906/tmp.tgz
23 silly lockFile 540bb90b-3520-0-47890270757488906-package tar:///var/folders/jj/zj0tlzfs7h70f4nm57jh0xs00000gn/T/npm-27752-ZuQ1llVD/1420548333520-0.47890270757488906/package
24 verbose lock tar:///var/folders/jj/zj0tlzfs7h70f4nm57jh0xs00000gn/T/npm-27752-ZuQ1llVD/1420548333520-0.47890270757488906/package /Users/alan/.npm/540bb90b-3520-0-47890270757488906-package.lock
25 silly lockFile 6cf4ea64-3520-0-47890270757488906-tmp-tgz tar:///var/folders/jj/zj0tlzfs7h70f4nm57jh0xs00000gn/T/npm-27752-ZuQ1llVD/1420548333520-0.47890270757488906/tmp.tgz
26 verbose lock tar:///var/folders/jj/zj0tlzfs7h70f4nm57jh0xs00000gn/T/npm-27752-ZuQ1llVD/1420548333520-0.47890270757488906/tmp.tgz /Users/alan/.npm/6cf4ea64-3520-0-47890270757488906-tmp-tgz.lock
27 silly gunzTarPerm modes [ '755', '644' ]
28 silly gunzTarPerm extractEntry package.json
29 silly gunzTarPerm extractEntry .npmignore
30 silly gunzTarPerm extractEntry README
31 silly gunzTarPerm extractEntry LICENSE
32 silly gunzTarPerm extractEntry happenstance.js
33 silly gunzTarPerm extractEntry .travis.yml
34 silly gunzTarPerm extractEntry CONTRIBUTING.md
35 silly gunzTarPerm extractEntry t/cover
36 silly gunzTarPerm extractEntry t/happenstance/require.t.js
37 silly gunzTarPerm extractEntry t/test
38 silly lockFile 540bb90b-3520-0-47890270757488906-package tar:///var/folders/jj/zj0tlzfs7h70f4nm57jh0xs00000gn/T/npm-27752-ZuQ1llVD/1420548333520-0.47890270757488906/package
39 silly lockFile 540bb90b-3520-0-47890270757488906-package tar:///var/folders/jj/zj0tlzfs7h70f4nm57jh0xs00000gn/T/npm-27752-ZuQ1llVD/1420548333520-0.47890270757488906/package
40 silly lockFile 6cf4ea64-3520-0-47890270757488906-tmp-tgz tar:///var/folders/jj/zj0tlzfs7h70f4nm57jh0xs00000gn/T/npm-27752-ZuQ1llVD/1420548333520-0.47890270757488906/tmp.tgz
41 silly lockFile 6cf4ea64-3520-0-47890270757488906-tmp-tgz tar:///var/folders/jj/zj0tlzfs7h70f4nm57jh0xs00000gn/T/npm-27752-ZuQ1llVD/1420548333520-0.47890270757488906/tmp.tgz
42 verbose tar pack [ '/Users/alan/.npm/happenstance/0.0.1/package.tgz',
42 verbose tar pack   '/var/folders/jj/zj0tlzfs7h70f4nm57jh0xs00000gn/T/npm-27752-ZuQ1llVD/1420548333520-0.47890270757488906/package' ]
43 verbose tarball /Users/alan/.npm/happenstance/0.0.1/package.tgz
44 verbose folder /var/folders/jj/zj0tlzfs7h70f4nm57jh0xs00000gn/T/npm-27752-ZuQ1llVD/1420548333520-0.47890270757488906/package
45 silly lockFile 540bb90b-3520-0-47890270757488906-package tar:///var/folders/jj/zj0tlzfs7h70f4nm57jh0xs00000gn/T/npm-27752-ZuQ1llVD/1420548333520-0.47890270757488906/package
46 verbose lock tar:///var/folders/jj/zj0tlzfs7h70f4nm57jh0xs00000gn/T/npm-27752-ZuQ1llVD/1420548333520-0.47890270757488906/package /Users/alan/.npm/540bb90b-3520-0-47890270757488906-package.lock
47 silly lockFile 1f5c7e26-m-happenstance-0-0-1-package-tgz tar:///Users/alan/.npm/happenstance/0.0.1/package.tgz
48 verbose lock tar:///Users/alan/.npm/happenstance/0.0.1/package.tgz /Users/alan/.npm/1f5c7e26-m-happenstance-0-0-1-package-tgz.lock
49 silly lockFile 540bb90b-3520-0-47890270757488906-package tar:///var/folders/jj/zj0tlzfs7h70f4nm57jh0xs00000gn/T/npm-27752-ZuQ1llVD/1420548333520-0.47890270757488906/package
50 silly lockFile 540bb90b-3520-0-47890270757488906-package tar:///var/folders/jj/zj0tlzfs7h70f4nm57jh0xs00000gn/T/npm-27752-ZuQ1llVD/1420548333520-0.47890270757488906/package
51 silly lockFile 1f5c7e26-m-happenstance-0-0-1-package-tgz tar:///Users/alan/.npm/happenstance/0.0.1/package.tgz
52 silly lockFile 1f5c7e26-m-happenstance-0-0-1-package-tgz tar:///Users/alan/.npm/happenstance/0.0.1/package.tgz
53 silly lockFile 34972365-n-npm-happenstance-0-0-1-package /Users/alan/.npm/happenstance/0.0.1/package
54 verbose lock /Users/alan/.npm/happenstance/0.0.1/package /Users/alan/.npm/34972365-n-npm-happenstance-0-0-1-package.lock
55 silly lockFile 34972365-n-npm-happenstance-0-0-1-package /Users/alan/.npm/happenstance/0.0.1/package
56 silly lockFile 34972365-n-npm-happenstance-0-0-1-package /Users/alan/.npm/happenstance/0.0.1/package
57 verbose tar unpack /Users/alan/.npm/happenstance/0.0.1/package.tgz
58 silly lockFile 0aa4a524-n-npm-happenstance-0-0-1-package tar:///Users/alan/.npm/happenstance/0.0.1/package
59 verbose lock tar:///Users/alan/.npm/happenstance/0.0.1/package /Users/alan/.npm/0aa4a524-n-npm-happenstance-0-0-1-package.lock
60 silly lockFile 1f5c7e26-m-happenstance-0-0-1-package-tgz tar:///Users/alan/.npm/happenstance/0.0.1/package.tgz
61 verbose lock tar:///Users/alan/.npm/happenstance/0.0.1/package.tgz /Users/alan/.npm/1f5c7e26-m-happenstance-0-0-1-package-tgz.lock
62 silly gunzTarPerm modes [ '755', '644' ]
63 silly gunzTarPerm extractEntry package.json
64 silly gunzTarPerm extractEntry .npmignore
65 silly gunzTarPerm extractEntry README
66 silly gunzTarPerm extractEntry LICENSE
67 silly gunzTarPerm extractEntry happenstance.js
68 silly gunzTarPerm extractEntry .travis.yml
69 silly gunzTarPerm extractEntry CONTRIBUTING.md
70 silly gunzTarPerm extractEntry t/cover
71 silly gunzTarPerm extractEntry t/happenstance/require.t.js
72 silly gunzTarPerm extractEntry t/test
73 silly lockFile 0aa4a524-n-npm-happenstance-0-0-1-package tar:///Users/alan/.npm/happenstance/0.0.1/package
74 silly lockFile 0aa4a524-n-npm-happenstance-0-0-1-package tar:///Users/alan/.npm/happenstance/0.0.1/package
75 silly lockFile 1f5c7e26-m-happenstance-0-0-1-package-tgz tar:///Users/alan/.npm/happenstance/0.0.1/package.tgz
76 silly lockFile 1f5c7e26-m-happenstance-0-0-1-package-tgz tar:///Users/alan/.npm/happenstance/0.0.1/package.tgz
77 verbose chmod /Users/alan/.npm/happenstance/0.0.1/package.tgz 644
78 verbose chown /Users/alan/.npm/happenstance/0.0.1/package.tgz [ 501, 20 ]
79 silly lockFile 3a52ce78- .
80 silly lockFile 3a52ce78- .
81 silly publish { name: 'happenstance',
81 silly publish   version: '0.0.1',
81 silly publish   description: 'An event scheduler.',
81 silly publish   author: { name: 'Alan Gutierrez', email: 'alan@prettyrobots.com' },
81 silly publish   homepage: 'https://bigeasy.github.io/happenstance',
81 silly publish   bugs: { url: 'https://github.com/bigeasy/happenstance/issues' },
81 silly publish   keywords: [ 'happenstance', 'timer', 'events' ],
81 silly publish   contributors: [],
81 silly publish   dependencies: { bintrees: '1.0.0' },
81 silly publish   devDependencies: { proof: '0.0.50' },
81 silly publish   main: 'happenstance.js',
81 silly publish   scripts: { test: 'proof platform win32 && proof test */*/*.t.js || t/test' },
81 silly publish   licenses:
81 silly publish    [ { type: 'MIT',
81 silly publish        url: 'http://github.com/bigeasy/happenstance/raw/master/LICENSE' } ],
81 silly publish   repository:
81 silly publish    { type: 'git',
81 silly publish      url: 'http://github.com/bigeasy/happenstance.git' },
81 silly publish   readme: 'Happenstance\n\nAn event scheduler.\n\n    Documentation:  http://bigeasy.github.io/happenstance\n    Source:         http://github.io/bigeasy/happenstance\n    Issues:         http://github.com/bigeasy/happenstance/issues\n\n    Install:        `npm install happenstance`\n\n    License:        MIT\n\nTo learn everything you want to know about Happenstance start here:\n\n    http://bigeasy.github.io/happenstance\n',
81 silly publish   readmeFilename: 'README',
81 silly publish   _id: 'happenstance@0.0.1',
81 silly publish   dist: { shasum: '010db402c0d783971519d5e35ccb4f5f250dc2db' },
81 silly publish   _from: '.' }
82 verbose url raw happenstance
83 verbose url resolving [ 'https://registry.npmjs.org/', './happenstance' ]
84 verbose url resolved https://registry.npmjs.org/happenstance
85 info trying registry request attempt 1 at 06:45:33
86 http PUT https://registry.npmjs.org/happenstance
87 http 403 https://registry.npmjs.org/happenstance
88 error publish Failed PUT 403
89 error Error: forbidden cannot modify pre-existing version: 0.0.1
89 error old={"name":"happenstance","description":"A Swiss Army asynchronous control flow function for JavaScript.","author":{"name":"Alan Gutierrez","email":"alan@prettyrobots.com"},"version":"0.0.1","keywords":["async","asynchronous","control","flow","loop","micro-js","step","callback"],"licenses":[{"type":"MIT","url":"http://github.com/bigeasy/cadence/raw/master/LICENSE"}],"homepage":"http://bigeasy.github.com/cadence","repository":{"type":"git","url":"git://github.com/bigeasy/cadence.git"},"scripts":{"test":"proof platform win32 && proof */*/*.t.js || t/test"},"devDependencies":{"proof":"0.0.28","uglify-js":"~1.3"},"dependencies":{},"bugs":{"url":"https://github.com/bigeasy/cadence/issues"},"readme":"ERROR: No README data found!","_id":"happenstance@0.0.1","dist":{"shasum":"21e9aacfcbedf3c5fc2047e18ee97cfafbc171ac","tarball":"http://registry.npmjs.org/happenstance/-/happenstance-0.0.1.tgz"},"_from":".","_npmVersion":"1.2.25","_npmUser":{"name":"bigeasy","email":"alan@prettyrobots.com"},"maintainers":[{"name":"bigeasy","email":"alan@prettyrobots.com"}]}
89 error new={"name":"happenstance","version":"0.0.1","description":"An event scheduler.","author":{"name":"Alan Gutierrez","email":"alan@prettyrobots.com"},"homepage":"https://bigeasy.github.io/happenstance","bugs":{"url":"https://github.com/bigeasy/happenstance/issues"},"keywords":["happenstance","timer","events"],"contributors":[],"dependencies":{"bintrees":"1.0.0"},"devDependencies":{"proof":"0.0.50"},"main":"happenstance.js","scripts":{"test":"proof platform win32 && proof test */*/*.t.js || t/test"},"licenses":[{"type":"MIT","url":"http://github.com/bigeasy/happenstance/raw/master/LICENSE"}],"repository":{"type":"git","url":"http://github.com/bigeasy/happenstance.git"},"readme":"Happenstance\u000a\u000aAn event scheduler.\u000a\u000a    Documentation:  http://bigeasy.github.io/happenstance\u000a    Source:         http://github.io/bigeasy/happenstance\u000a    Issues:         http://github.com/bigeasy/happenstance/issues\u000a\u000a    Install:        `npm install happenstance`\u000a\u000a    License:        MIT\u000a\u000aTo learn everything you want to know about Happenstance start here:\u000a\u000a    http://bigeasy.github.io/happenstance\u000a","readmeFilename":"README","_id":"happenstance@0.0.1","dist":{"shasum":"010db402c0d783971519d5e35ccb4f5f250dc2db","tarball":"http://registry.npmjs.org/happenstance/-/happenstance-0.0.1.tgz"},"_from":".","_npmVersion":"1.4.3","_npmUser":{"name":"bigeasy","email":"alan@prettyrobots.com"},"maintainers":[{"name":"bigeasy","email":"alan@prettyrobots.com"}]}: happenstance
89 error     at RegClient.<anonymous> (/Users/alan/.usr/Cellar/node/0.10.26/lib/node_modules/npm/node_modules/npm-registry-client/lib/request.js:237:14)
89 error     at Request.self.callback (/Users/alan/.usr/Cellar/node/0.10.26/lib/node_modules/npm/node_modules/request/request.js:123:22)
89 error     at Request.EventEmitter.emit (events.js:98:17)
89 error     at Request.<anonymous> (/Users/alan/.usr/Cellar/node/0.10.26/lib/node_modules/npm/node_modules/request/request.js:893:14)
89 error     at Request.EventEmitter.emit (events.js:117:20)
89 error     at IncomingMessage.<anonymous> (/Users/alan/.usr/Cellar/node/0.10.26/lib/node_modules/npm/node_modules/request/request.js:844:12)
89 error     at IncomingMessage.EventEmitter.emit (events.js:117:20)
89 error     at _stream_readable.js:920:16
89 error     at process._tickCallback (node.js:415:13)
90 error If you need help, you may report this *entire* log,
90 error including the npm and node versions, at:
90 error     <http://github.com/npm/npm/issues>
91 error System Darwin 14.0.0
92 error command "/Users/alan/.usr/Cellar/node/0.10.26/bin/node" "/Users/alan/.usr/bin/npm" "publish"
93 error cwd /Users/alan/Dropbox/git/ecma/happenstance
94 error node -v v0.10.26
95 error npm -v 1.4.3
96 verbose exit [ 1, true ]
